# JRE version: Java(TM) SE Runtime Environment (8.0_151-b12) (build 1.8.0_151-b12)
# Java VM: Java HotSpot(TM) 64-Bit Server VM (25.151-b12 mixed mode linux-amd64 compressed oops)
Heap:
 PSYoungGen      total 140288K, used 87567K [0x00000000d7100000, 0x00000000e1400000, 0x0000000100000000)
  eden space 125952K, 58% used [0x00000000d7100000,0x00000000db88bd70,0x00000000dec00000)
  from space 14336K, 99% used [0x00000000dfe00000,0x00000000e0bf8028,0x00000000e0c00000)
  to   space 18432K, 0% used [0x00000000dec00000,0x00000000dec00000,0x00000000dfe00000)
 ParOldGen       total 109568K, used 26716K [0x0000000085200000, 0x000000008bd00000, 0x00000000d7100000)
  object space 109568K, 24% used [0x0000000085200000,0x0000000086c17310,0x000000008bd00000)
 Metaspace       used 53467K, capacity 54726K, committed 54912K, reserved 1097728K
  class space    used 7154K, capacity 7526K, committed 7552K, reserved 1048576K
GC Heap History (10 events):
Event: 4.489 GC heap before
{Heap before GC invocations=8 (full 1):
 PSYoungGen      total 92160K, used 81802K [0x00000000d7100000, 0x00000000dd600000, 0x0000000100000000)
  eden space 83968K, 89% used [0x00000000d7100000,0x00000000dba052c0,0x00000000dc300000)
  from space 8192K, 85% used [0x00000000dce00000,0x00000000dd4dd770,0x00000000dd600000)
  to   space 9728K, 0% used [0x00000000dc300000,0x00000000dc300000,0x00000000dcc80000)
 ParOldGen       total 67072K, used 11378K [0x0000000085200000, 0x0000000089380000, 0x00000000d7100000)
  object space 67072K, 16% used [0x0000000085200000,0x0000000085d1c9d8,0x0000000089380000)
 Metaspace       used 34699K, capacity 35266K, committed 35496K, reserved 1079296K
  class space    used 4671K, capacity 4858K, committed 4864K, reserved 1048576K
Event: 4.508 GC heap after
Heap after GC invocations=8 (full 1):
 PSYoungGen      total 93696K, used 9716K [0x00000000d7100000, 0x00000000df500000, 0x0000000100000000)
  eden space 83968K, 0% used [0x00000000d7100000,0x00000000d7100000,0x00000000dc300000)
  from space 9728K, 99% used [0x00000000dc300000,0x00000000dcc7d2f8,0x00000000dcc80000)
  to   space 11264K, 0% used [0x00000000dea00000,0x00000000dea00000,0x00000000df500000)
 ParOldGen       total 67072K, used 12113K [0x0000000085200000, 0x0000000089380000, 0x00000000d7100000)
  object space 67072K, 18% used [0x0000000085200000,0x0000000085dd4620,0x0000000089380000)
 Metaspace       used 34699K, capacity 35266K, committed 35496K, reserved 1079296K
  class space    used 4671K, capacity 4858K, committed 4864K, reserved 1048576K
}
Event: 4.508 GC heap before
{Heap before GC invocations=9 (full 2):
 PSYoungGen      total 93696K, used 9716K [0x00000000d7100000, 0x00000000df500000, 0x0000000100000000)
  eden space 83968K, 0% used [0x00000000d7100000,0x00000000d7100000,0x00000000dc300000)
  from space 9728K, 99% used [0x00000000dc300000,0x00000000dcc7d2f8,0x00000000dcc80000)
  to   space 11264K, 0% used [0x00000000dea00000,0x00000000dea00000,0x00000000df500000)
 ParOldGen       total 67072K, used 12113K [0x0000000085200000, 0x0000000089380000, 0x00000000d7100000)
  object space 67072K, 18% used [0x0000000085200000,0x0000000085dd4620,0x0000000089380000)
 Metaspace       used 34699K, capacity 35266K, committed 35496K, reserved 1079296K
  class space    used 4671K, capacity 4858K, committed 4864K, reserved 1048576K
Event: 4.606 GC heap after
Heap after GC invocations=9 (full 2):
 PSYoungGen      total 93696K, used 0K [0x00000000d7100000, 0x00000000df500000, 0x0000000100000000)
  eden space 83968K, 0% used [0x00000000d7100000,0x00000000d7100000,0x00000000dc300000)
  from space 9728K, 0% used [0x00000000dc300000,0x00000000dc300000,0x00000000dcc80000)
  to   space 11264K, 0% used [0x00000000dea00000,0x00000000dea00000,0x00000000df500000)
 ParOldGen       total 109568K, used 17176K [0x0000000085200000, 0x000000008bd00000, 0x00000000d7100000)
  object space 109568K, 15% used [0x0000000085200000,0x00000000862c63b0,0x000000008bd00000)
 Metaspace       used 34620K, capacity 35110K, committed 35496K, reserved 1079296K
  class space    used 4648K, capacity 4806K, committed 4864K, reserved 1048576K
}
Event: 5.832 GC heap before
{Heap before GC invocations=10 (full 2):
 PSYoungGen      total 93696K, used 83968K [0x00000000d7100000, 0x00000000df500000, 0x0000000100000000)
  eden space 83968K, 100% used [0x00000000d7100000,0x00000000dc300000,0x00000000dc300000)
  from space 9728K, 0% used [0x00000000dc300000,0x00000000dc300000,0x00000000dcc80000)
  to   space 11264K, 0% used [0x00000000dea00000,0x00000000dea00000,0x00000000df500000)
 ParOldGen       total 109568K, used 17176K [0x0000000085200000, 0x000000008bd00000, 0x00000000d7100000)
  object space 109568K, 15% used [0x0000000085200000,0x00000000862c63b0,0x000000008bd00000)
 Metaspace       used 43279K, capacity 43962K, committed 44544K, reserved 1087488K
  class space    used 5819K, capacity 6048K, committed 6144K, reserved 1048576K
Event: 5.844 GC heap after
Heap after GC invocations=10 (full 2):
 PSYoungGen      total 120320K, used 10667K [0x00000000d7100000, 0x00000000df480000, 0x0000000100000000)
  eden space 109568K, 0% used [0x00000000d7100000,0x00000000d7100000,0x00000000ddc00000)
  from space 10752K, 99% used [0x00000000dea00000,0x00000000df46ad10,0x00000000df480000)
  to   space 12288K, 0% used [0x00000000ddc80000,0x00000000ddc80000,0x00000000de880000)
 ParOldGen       total 109568K, used 17184K [0x0000000085200000, 0x000000008bd00000, 0x00000000d7100000)
  object space 109568K, 15% used [0x0000000085200000,0x00000000862c83b0,0x000000008bd00000)
 Metaspace       used 43279K, capacity 43962K, committed 44544K, reserved 1087488K
  class space    used 5819K, capacity 6048K, committed 6144K, reserved 1048576K
}
Event: 6.841 GC heap before
{Heap before GC invocations=11 (full 2):
 PSYoungGen      total 120320K, used 120235K [0x00000000d7100000, 0x00000000df480000, 0x0000000100000000)
  eden space 109568K, 100% used [0x00000000d7100000,0x00000000ddc00000,0x00000000ddc00000)
  from space 10752K, 99% used [0x00000000dea00000,0x00000000df46ad10,0x00000000df480000)
  to   space 12288K, 0% used [0x00000000ddc80000,0x00000000ddc80000,0x00000000de880000)
 ParOldGen       total 109568K, used 17184K [0x0000000085200000, 0x000000008bd00000, 0x00000000d7100000)
  object space 109568K, 15% used [0x0000000085200000,0x00000000862c83b0,0x000000008bd00000)
 Metaspace       used 46374K, capacity 47168K, committed 47488K, reserved 1089536K
  class space    used 6235K, capacity 6471K, committed 6528K, reserved 1048576K
Event: 6.859 GC heap after
Heap after GC invocations=11 (full 2):
 PSYoungGen      total 122368K, used 12273K [0x00000000d7100000, 0x00000000e0c00000, 0x0000000100000000)
  eden space 110080K, 0% used [0x00000000d7100000,0x00000000d7100000,0x00000000ddc80000)
  from space 12288K, 99% used [0x00000000ddc80000,0x00000000de87c538,0x00000000de880000)
  to   space 14336K, 0% used [0x00000000dfe00000,0x00000000dfe00000,0x00000000e0c00000)
 ParOldGen       total 109568K, used 19996K [0x0000000085200000, 0x000000008bd00000, 0x00000000d7100000)
  object space 109568K, 18% used [0x0000000085200000,0x00000000865873d0,0x000000008bd00000)
 Metaspace       used 46374K, capacity 47168K, committed 47488K, reserved 1089536K
  class space    used 6235K, capacity 6471K, committed 6528K, reserved 1048576K
}
Event: 8.544 GC heap before
{Heap before GC invocations=12 (full 2):
 PSYoungGen      total 122368K, used 122353K [0x00000000d7100000, 0x00000000e0c00000, 0x0000000100000000)
  eden space 110080K, 100% used [0x00000000d7100000,0x00000000ddc80000,0x00000000ddc80000)
  from space 12288K, 99% used [0x00000000ddc80000,0x00000000de87c538,0x00000000de880000)
  to   space 14336K, 0% used [0x00000000dfe00000,0x00000000dfe00000,0x00000000e0c00000)
 ParOldGen       total 109568K, used 19996K [0x0000000085200000, 0x000000008bd00000, 0x00000000d7100000)
  object space 109568K, 18% used [0x0000000085200000,0x00000000865873d0,0x000000008bd00000)
 Metaspace       used 52283K, capacity 53564K, committed 53760K, reserved 1095680K
  class space    used 7051K, capacity 7423K, committed 7424K, reserved 1048576K
Event: 8.569 GC heap after
Heap after GC invocations=12 (full 2):
 PSYoungGen      total 140288K, used 14304K [0x00000000d7100000, 0x00000000e1400000, 0x0000000100000000)
  eden space 125952K, 0% used [0x00000000d7100000,0x00000000d7100000,0x00000000dec00000)
  from space 14336K, 99% used [0x00000000dfe00000,0x00000000e0bf8028,0x00000000e0c00000)
  to   space 18432K, 0% used [0x00000000dec00000,0x00000000dec00000,0x00000000dfe00000)
 ParOldGen       total 109568K, used 26716K [0x0000000085200000, 0x000000008bd00000, 0x00000000d7100000)
  object space 109568K, 24% used [0x0000000085200000,0x0000000086c17310,0x000000008bd00000)
 Metaspace       used 52283K, capacity 53564K, committed 53760K, reserved 1095680K
  class space    used 7051K, capacity 7423K, committed 7424K, reserved 1048576K
}

